PCAD Importer Log
Project : BC639.LibPkg

Section : C:\Users\Savindu Dimal\Desktop\libraries\BC639\BC639.lia
    Section : PCB Library - BC639.PcbLib
        Section : Load Messages
            Warning - 1 : Skipping Token NPN On Line 156
            Warning - 1 : Skipping Token attachedSymbol On Line 226
        EndSection

        Section : Import Messages
            Warning - 0 : PCAD Pattern Graphics [*SOT54D][Primary] associated with PCAD Component [BC639] has been renamed to PCB FootPrint [*SOT54D_BC639(Primary)].
            Warning : Default polygonal pad shape for signal layers has been made multilayer
            Warning : Default polygonal pad shape for signal layers has been made multilayer
            Warning : Default polygonal pad shape for signal layers has been made multilayer
        EndSection
    EndSection

    Section : SCH Library - BC639.SchLib
        Section : Parsing Messages
            Warning - 1 : Skipping Token padStyleDef On Line 9
            Warning - 1 : Skipping Token multiLayer On Line 134
            Warning - 1 : Skipping Token layerContents On Line 139
            Warning - 1 : Skipping Token layerContents On Line 144
            Warning - 1 : Skipping Token layerContents On Line 149
        EndSection

        Section : Generating SCH Library - BC639.SchLib
            Warning - 0 : PCAD Pattern Graphics [*SOT54D][Primary] associated with PCAD Component [BC639] has been renamed to PCB FootPrint [*SOT54D_BC639(Primary)].
        EndSection
    EndSection
EndSection
