Change Component Footprint: Designator=R11 Old Footprint=AXIAL-0.5 New Footprint=AXIAL-0.4
Added Component: Designator=P1(HDR1X4)
Add component. Clean all parameters for all variants
Add component (AddParameter): Name = "LatestRevisionDate"; Value = "17-Jul-2002"; VariantName = "[No Variations]"
Add component (AddParameter): Name = "LatestRevisionNote"; Value = "Re-released for DXP Platform."; VariantName = "[No Variations]"
Add component (AddParameter): Name = "Publisher"; Value = "Altium Limited"; VariantName = "[No Variations]"
Added Component: Designator=P2(HDR1X4)
Add component. Clean all parameters for all variants
Add component (AddParameter): Name = "LatestRevisionDate"; Value = "17-Jul-2002"; VariantName = "[No Variations]"
Add component (AddParameter): Name = "LatestRevisionNote"; Value = "Re-released for DXP Platform."; VariantName = "[No Variations]"
Add component (AddParameter): Name = "Publisher"; Value = "Altium Limited"; VariantName = "[No Variations]"
Added Pin To Net: NetName=A0 Pin=P1-1
Added Pin To Net: NetName=A1 Pin=P1-2
Added Pin To Net: NetName=A2 Pin=P1-3
Added Pin To Net: NetName=A3 Pin=P1-4
Added Pin To Net: NetName=D9 Pin=P2-1
Added Pin To Net: NetName=D10 Pin=P2-2
Added Pin To Net: NetName=D11 Pin=P2-3
Added Pin To Net: NetName=D13 Pin=P2-4
Added Member To Class: ClassName=power amp Member=Component P1 Header 4
Added Member To Class: ClassName=power amp Member=Component P2 Header 4
Added Room: Name=power amp
